Using pre-set license
Built from '2022.3/release' branch; Version is '2022.3.18f1 (d29bea25151d) revision 13802474'; Using compiler version '192829333'; Build Type 'Release'
OS: 'Windows 10  (10.0.19045) 64bit Core' Language: 'ru' Physical Memory: 16287 MB
BatchMode: 1, IsHumanControllingUs: 0, StartBugReporterOnCrash: 0, Is64bit: 1, IsPro: 1

COMMAND LINE ARGUMENTS:
D:\fixauroar\Documents\Editor\2022.3.18f1\Editor\Unity.exe
-adb2
-batchMode
-noUpm
-name
AssetImportWorker0
-projectPath
D:/fixmes/GitHub/FinalGameProject/FinalEnviroment
-logFile
Logs/AssetImportWorker0.log
-srvPort
58821
Successfully changed project path to: D:/fixmes/GitHub/FinalGameProject/FinalEnviroment
D:/fixmes/GitHub/FinalGameProject/FinalEnviroment
[UnityMemory] Configuration Parameters - Can be set up in boot.config
    "memorysetup-bucket-allocator-granularity=16"
    "memorysetup-bucket-allocator-bucket-count=8"
    "memorysetup-bucket-allocator-block-size=33554432"
    "memorysetup-bucket-allocator-block-count=8"
    "memorysetup-main-allocator-block-size=16777216"
    "memorysetup-thread-allocator-block-size=16777216"
    "memorysetup-gfx-main-allocator-block-size=16777216"
    "memorysetup-gfx-thread-allocator-block-size=16777216"
    "memorysetup-cache-allocator-block-size=4194304"
    "memorysetup-typetree-allocator-block-size=2097152"
    "memorysetup-profiler-bucket-allocator-granularity=16"
    "memorysetup-profiler-bucket-allocator-bucket-count=8"
    "memorysetup-profiler-bucket-allocator-block-size=33554432"
    "memorysetup-profiler-bucket-allocator-block-count=8"
    "memorysetup-profiler-allocator-block-size=16777216"
    "memorysetup-profiler-editor-allocator-block-size=1048576"
    "memorysetup-temp-allocator-size-main=16777216"
    "memorysetup-job-temp-allocator-block-size=2097152"
    "memorysetup-job-temp-allocator-block-size-background=1048576"
    "memorysetup-job-temp-allocator-reduction-small-platforms=262144"
    "memorysetup-allocator-temp-initial-block-size-main=262144"
    "memorysetup-allocator-temp-initial-block-size-worker=262144"
    "memorysetup-temp-allocator-size-background-worker=32768"
    "memorysetup-temp-allocator-size-job-worker=262144"
    "memorysetup-temp-allocator-size-preload-manager=33554432"
    "memorysetup-temp-allocator-size-nav-mesh-worker=65536"
    "memorysetup-temp-allocator-size-audio-worker=65536"
    "memorysetup-temp-allocator-size-cloud-worker=32768"
    "memorysetup-temp-allocator-size-gi-baking-worker=262144"
    "memorysetup-temp-allocator-size-gfx=262144"
Player connection [24544] Host "[IP] 10.0.0.77 [Port] 0 [Flags] 2 [Guid] 3288801458 [EditorId] 3288801458 [Version] 1048832 [Id] WindowsEditor(7,POI-Desk) [Debug] 1 [PackageName] WindowsEditor [ProjectName] Editor" joined multi-casting on [225.0.0.222:54997]...

Player connection [24544] Host "[IP] 10.0.0.77 [Port] 0 [Flags] 2 [Guid] 3288801458 [EditorId] 3288801458 [Version] 1048832 [Id] WindowsEditor(7,POI-Desk) [Debug] 1 [PackageName] WindowsEditor [ProjectName] Editor" joined alternative multi-casting on [225.0.0.222:34997]...

[Physics::Module] Initialized MultithreadedJobDispatcher with 11 workers.
Refreshing native plugins compatible for Editor in 7.78 ms, found 3 plugins.
Preloading 0 native plugins for Editor in 0.00 ms.
Initialize engine version: 2022.3.18f1 (d29bea25151d)
[Subsystems] Discovering subsystems at path D:/fixauroar/Documents/Editor/2022.3.18f1/Editor/Data/Resources/UnitySubsystems
[Subsystems] Discovering subsystems at path D:/fixmes/GitHub/FinalGameProject/FinalEnviroment/Assets
GfxDevice: creating device client; threaded=0; jobified=0
Direct3D:
    Version:  Direct3D 11.0 [level 11.1]
    Renderer: NVIDIA GeForce RTX 3060 Ti (ID=0x2489)
    Vendor:   NVIDIA
    VRAM:     8038 MB
    Driver:   31.0.15.3713
Initialize mono
Mono path[0] = 'D:/fixauroar/Documents/Editor/2022.3.18f1/Editor/Data/Managed'
Mono path[1] = 'D:/fixauroar/Documents/Editor/2022.3.18f1/Editor/Data/MonoBleedingEdge/lib/mono/unityjit-win32'
Mono config path = 'D:/fixauroar/Documents/Editor/2022.3.18f1/Editor/Data/MonoBleedingEdge/etc'
Using monoOptions --debugger-agent=transport=dt_socket,embedding=1,server=y,suspend=n,address=127.0.0.1:56552
Begin MonoManager ReloadAssembly
Registering precompiled unity dll's ...
Register platform support module: D:/fixauroar/Documents/Editor/2022.3.18f1/Editor/Data/PlaybackEngines/WebGLSupport/UnityEditor.WebGL.Extensions.dll
Register platform support module: D:/fixauroar/Documents/Editor/2022.3.18f1/Editor/Data/PlaybackEngines/WindowsStandaloneSupport/UnityEditor.WindowsStandalone.Extensions.dll
Registered in 0.006197 seconds.
- Loaded All Assemblies, in  0.442 seconds
Native extension for WindowsStandalone target not found
Native extension for WebGL target not found
Mono: successfully reloaded assembly
- Finished resetting the current domain, in  0.326 seconds
Domain Reload Profiling: 769ms
	BeginReloadAssembly (137ms)
		ExecutionOrderSort (0ms)
		DisableScriptedObjects (0ms)
		BackupInstance (0ms)
		ReleaseScriptingObjects (0ms)
		CreateAndSetChildDomain (1ms)
	RebuildCommonClasses (46ms)
	RebuildNativeTypeToScriptingClass (13ms)
	initialDomainReloadingComplete (65ms)
	LoadAllAssembliesAndSetupDomain (182ms)
		LoadAssemblies (137ms)
		RebuildTransferFunctionScriptingTraits (0ms)
		AnalyzeDomain (179ms)
			TypeCache.Refresh (177ms)
				TypeCache.ScanAssembly (161ms)
			ScanForSourceGeneratedMonoScriptInfo (0ms)
			ResolveRequiredComponents (0ms)
	FinalizeReload (327ms)
		ReleaseScriptCaches (0ms)
		RebuildScriptCaches (0ms)
		SetupLoadedEditorAssemblies (255ms)
			LogAssemblyErrors (0ms)
			InitializePlatformSupportModulesInManaged (10ms)
			SetLoadedEditorAssemblies (6ms)
			RefreshPlugins (0ms)
			BeforeProcessingInitializeOnLoad (2ms)
			ProcessInitializeOnLoadAttributes (178ms)
			ProcessInitializeOnLoadMethodAttributes (58ms)
			AfterProcessingInitializeOnLoad (0ms)
			EditorAssembliesLoaded (0ms)
		ExecutionOrderSort2 (0ms)
		AwakeInstancesAfterBackupRestoration (0ms)
========================================================================
Worker process is ready to serve import requests
Begin MonoManager ReloadAssembly
- Loaded All Assemblies, in  0.786 seconds
Refreshing native plugins compatible for Editor in 2.58 ms, found 3 plugins.
Native extension for WindowsStandalone target not found
Native extension for WebGL target not found
Package Manager log level set to [2]
[Package Manager] Server::EnsureServerProcessIsRunning -- launch failed, reason: Unity was launched with the -noUpm command-line argument
[Package Manager] UpmClient::Send -- Unable to send message (not connected to UPM process).
[Package Manager] Cannot connect to Unity Package Manager local server
Mono: successfully reloaded assembly
- Finished resetting the current domain, in  0.694 seconds
Domain Reload Profiling: 1480ms
	BeginReloadAssembly (204ms)
		ExecutionOrderSort (0ms)
		DisableScriptedObjects (9ms)
		BackupInstance (0ms)
		ReleaseScriptingObjects (0ms)
		CreateAndSetChildDomain (27ms)
	RebuildCommonClasses (45ms)
	RebuildNativeTypeToScriptingClass (13ms)
	initialDomainReloadingComplete (48ms)
	LoadAllAssembliesAndSetupDomain (475ms)
		LoadAssemblies (376ms)
		RebuildTransferFunctionScriptingTraits (0ms)
		AnalyzeDomain (225ms)
			TypeCache.Refresh (201ms)
				TypeCache.ScanAssembly (182ms)
			ScanForSourceGeneratedMonoScriptInfo (18ms)
			ResolveRequiredComponents (5ms)
	FinalizeReload (695ms)
		ReleaseScriptCaches (0ms)
		RebuildScriptCaches (0ms)
		SetupLoadedEditorAssemblies (515ms)
			LogAssemblyErrors (0ms)
			InitializePlatformSupportModulesInManaged (6ms)
			SetLoadedEditorAssemblies (4ms)
			RefreshPlugins (0ms)
			BeforeProcessingInitializeOnLoad (64ms)
			ProcessInitializeOnLoadAttributes (410ms)
			ProcessInitializeOnLoadMethodAttributes (28ms)
			AfterProcessingInitializeOnLoad (3ms)
			EditorAssembliesLoaded (0ms)
		ExecutionOrderSort2 (0ms)
		AwakeInstancesAfterBackupRestoration (8ms)
Launched and connected shader compiler UnityShaderCompiler.exe after 0.08 seconds
Refreshing native plugins compatible for Editor in 2.69 ms, found 3 plugins.
Preloading 0 native plugins for Editor in 0.00 ms.
Unloading 3099 Unused Serialized files (Serialized files now loaded: 0)
Unloading 32 unused Assets / (57.1 KB). Loaded Objects now: 3584.
Memory consumption went from 136.4 MB to 136.4 MB.
Total: 3.897100 ms (FindLiveObjects: 0.268800 ms CreateObjectMapping: 0.312900 ms MarkObjects: 3.210800 ms  DeleteObjects: 0.103600 ms)

AssetImportParameters requested are different than current active one (requested -> active):
  custom:container-demuxer-ogg: 62fdf1f143b41e24485cea50d1cbac27 -> 
  custom:video-decoder-ogg-theora: a1e56fd34408186e4bbccfd4996cb3dc -> 
  custom:framework-win-MediaFoundation: 216162199b28c13a410421893ffa2e32 -> 
  custom:CustomObjectIndexerAttribute: 6d391050e5a25f67b0a2c618074f2cd9 -> 
  custom:container-demuxer-webm: 4f35f7cbe854078d1ac9338744f61a02 -> 
  custom:container-muxer-webm: aa71ff27fc2769a1b78a27578f13a17b -> 
  custom:video-decoder-webm-vp8: 9c59270c3fd7afecdb556c50c9e8de78 -> 
  custom:SearchIndexIgnoredProperties: e643bd26f0fe6173181afceb89e7c659 -> 
  custom:AudioImporter_EditorPlatform: d09bf68614088b80899f8185d706f6e7 -> 
  custom:video-encoder-webm-vp8: eb34c28f22e8b96e1ab97ce403110664 -> 
  custom:audio-decoder-ogg-vorbis: bf7c407c2cedff20999df2af8eb42d56 -> 
  custom:audio-encoder-webm-vorbis: bf7c407c2cedff20999df2af8eb42d56 -> 
========================================================================
Received Import Request.
  Time since last request: 488384.006710 seconds.
  path: Assets/Materials/Materials/boiler2_DefaultMaterial_Normal.mat
  artifactKey: Guid(f36d27fa8f887e74e818addae3ff0066) Importer(815301076,1909f56bfc062723c751e8b465ee728b)
Start importing Assets/Materials/Materials/boiler2_DefaultMaterial_Normal.mat using Guid(f36d27fa8f887e74e818addae3ff0066) Importer(815301076,1909f56bfc062723c751e8b465ee728b)  -> (artifact id: 'b95bc7f6c3c03a21e1f78be68325df15') in 0.130366 seconds
Number of updated asset objects reloaded before import = 0
Number of asset objects unloaded after import = 2
========================================================================
Received Import Request.
  Time since last request: 19.447286 seconds.
  path: Assets/boiler2.fbx
  artifactKey: Guid(89d979f38c7d774448577d2fc63872bd) Importer(2089858483,0ecaa5967403d082aa24f35e1b516d23)
Start importing Assets/boiler2.fbx using Guid(89d979f38c7d774448577d2fc63872bd) Importer(2089858483,0ecaa5967403d082aa24f35e1b516d23) Generated GUIDs only implemented for interfaces!
 -> (artifact id: 'ac5c0383c2d62b6a709499751cb73d18') in 0.195631 seconds
Number of updated asset objects reloaded before import = 0
Number of asset objects unloaded after import = 7
========================================================================
Received Import Request.
  Time since last request: 0.000031 seconds.
  path: Assets/trees/fern02_transmission.png
  artifactKey: Guid(21511f8dcb4f90e4784f16822b3a00db) Importer(2089858483,0ecaa5967403d082aa24f35e1b516d23)
Start importing Assets/trees/fern02_transmission.png using Guid(21511f8dcb4f90e4784f16822b3a00db) Importer(2089858483,0ecaa5967403d082aa24f35e1b516d23) Generated GUIDs only implemented for interfaces!
 -> (artifact id: 'b30ba8887932550f7b0f3bce195bbd69') in 0.161318 seconds
Number of updated asset objects reloaded before import = 0
Number of asset objects unloaded after import = 1
========================================================================
Received Import Request.
  Time since last request: 0.000023 seconds.
  path: Assets/Textures/Material.001_Normal.png
  artifactKey: Guid(c4fbad9a55025304abe36c31c090405b) Importer(2089858483,0ecaa5967403d082aa24f35e1b516d23)
Start importing Assets/Textures/Material.001_Normal.png using Guid(c4fbad9a55025304abe36c31c090405b) Importer(2089858483,0ecaa5967403d082aa24f35e1b516d23) Generated GUIDs only implemented for interfaces!
 -> (artifact id: '38b84283a35542b156389ce258c7678c') in 0.038426 seconds
Number of updated asset objects reloaded before import = 0
Number of asset objects unloaded after import = 1
========================================================================
Received Import Request.
  Time since last request: 0.000022 seconds.
  path: Assets/pillars.fbx
  artifactKey: Guid(8ba5f0f5e85d439498cd5e0615ece3d0) Importer(2089858483,0ecaa5967403d082aa24f35e1b516d23)
Start importing Assets/pillars.fbx using Guid(8ba5f0f5e85d439498cd5e0615ece3d0) Importer(2089858483,0ecaa5967403d082aa24f35e1b516d23) Generated GUIDs only implemented for interfaces!
 -> (artifact id: '4f6d64d3fe9de75cb6649d73f78b9c87') in 0.039427 seconds
Number of updated asset objects reloaded before import = 0
Number of asset objects unloaded after import = 9
========================================================================
Received Import Request.
  Time since last request: 0.000017 seconds.
  path: Assets/Textures/Material.001_Metallic.png
  artifactKey: Guid(aed3b740cbc071642945538fb50686f0) Importer(2089858483,0ecaa5967403d082aa24f35e1b516d23)
Start importing Assets/Textures/Material.001_Metallic.png using Guid(aed3b740cbc071642945538fb50686f0) Importer(2089858483,0ecaa5967403d082aa24f35e1b516d23) Generated GUIDs only implemented for interfaces!
 -> (artifact id: '0402102f47682a679298a1422c633402') in 0.038460 seconds
Number of updated asset objects reloaded before import = 0
Number of asset objects unloaded after import = 1
========================================================================
Received Import Request.
  Time since last request: 0.000023 seconds.
  path: Assets/Mini First Person Controller/Audio/Crouch/Crouch start 3.wav
  artifactKey: Guid(3e0e4a1bf1a03c24a85ad855f4be231e) Importer(2089858483,0ecaa5967403d082aa24f35e1b516d23)
Start importing Assets/Mini First Person Controller/Audio/Crouch/Crouch start 3.wav using Guid(3e0e4a1bf1a03c24a85ad855f4be231e) Importer(2089858483,0ecaa5967403d082aa24f35e1b516d23) Generated GUIDs only implemented for interfaces!
 -> (artifact id: 'fa3803fa04f7e11d8cd1d7ef6b4ae5da') in 0.062744 seconds
Number of updated asset objects reloaded before import = 0
Number of asset objects unloaded after import = 1
========================================================================
Received Import Request.
  Time since last request: 0.000022 seconds.
  path: Assets/Mini First Person Controller/Scripts/Components/Crouch.cs
  artifactKey: Guid(27b67ddb3d23b8340b125aede56d7e8c) Importer(2089858483,0ecaa5967403d082aa24f35e1b516d23)
Start importing Assets/Mini First Person Controller/Scripts/Components/Crouch.cs using Guid(27b67ddb3d23b8340b125aede56d7e8c) Importer(2089858483,0ecaa5967403d082aa24f35e1b516d23) Generated GUIDs only implemented for interfaces!
 -> (artifact id: 'd4346198a597c163ef589dc422d211a5') in 0.016802 seconds
Number of updated asset objects reloaded before import = 0
Number of asset objects unloaded after import = 1
========================================================================
Received Import Request.
  Time since last request: 0.000025 seconds.
  path: Assets/Materials/boiler2_DefaultMaterial_AlbedoTransparency.png
  artifactKey: Guid(a6e22ad78ad390f4dacd644f8c97e577) Importer(2089858483,0ecaa5967403d082aa24f35e1b516d23)
Start importing Assets/Materials/boiler2_DefaultMaterial_AlbedoTransparency.png using Guid(a6e22ad78ad390f4dacd644f8c97e577) Importer(2089858483,0ecaa5967403d082aa24f35e1b516d23) Generated GUIDs only implemented for interfaces!
 -> (artifact id: '81f79652cdf5cc3604fdd8ad8c4e27e7') in 0.041047 seconds
Number of updated asset objects reloaded before import = 0
Number of asset objects unloaded after import = 1
========================================================================
Received Import Request.
  Time since last request: 0.000025 seconds.
  path: Assets/Mini First Person Controller/Scripts/Components/GroundCheck.cs
  artifactKey: Guid(084c01ab381b9da4082c1f84cf70751b) Importer(2089858483,0ecaa5967403d082aa24f35e1b516d23)
Start importing Assets/Mini First Person Controller/Scripts/Components/GroundCheck.cs using Guid(084c01ab381b9da4082c1f84cf70751b) Importer(2089858483,0ecaa5967403d082aa24f35e1b516d23) Generated GUIDs only implemented for interfaces!
 -> (artifact id: 'cbd504471b5b6a44ace714d700c7f27d') in 0.019988 seconds
Number of updated asset objects reloaded before import = 0
Number of asset objects unloaded after import = 1
========================================================================
Received Import Request.
  Time since last request: 0.000032 seconds.
  path: Assets/Materials/floowmat_Height.png
  artifactKey: Guid(c175a841d02b0e54382a1acba70abcaa) Importer(2089858483,0ecaa5967403d082aa24f35e1b516d23)
Start importing Assets/Materials/floowmat_Height.png using Guid(c175a841d02b0e54382a1acba70abcaa) Importer(2089858483,0ecaa5967403d082aa24f35e1b516d23) Generated GUIDs only implemented for interfaces!
 -> (artifact id: '015222fd8a87631d25d82c2063ef4adf') in 0.108908 seconds
Number of updated asset objects reloaded before import = 0
Number of asset objects unloaded after import = 1
========================================================================
Received Import Request.
  Time since last request: 0.000021 seconds.
  path: Assets/trees/Bark1.mat
  artifactKey: Guid(143dfc877bcc2174cb3003ed95727723) Importer(2089858483,0ecaa5967403d082aa24f35e1b516d23)
Start importing Assets/trees/Bark1.mat using Guid(143dfc877bcc2174cb3003ed95727723) Importer(2089858483,0ecaa5967403d082aa24f35e1b516d23) Generated GUIDs only implemented for interfaces!
 -> (artifact id: '4e74319eedba3d43773cbf73067475b4') in 0.020675 seconds
Number of updated asset objects reloaded before import = 0
Number of asset objects unloaded after import = 4
========================================================================
Received Import Request.
  Time since last request: 0.000021 seconds.
  path: Assets/Textures/горшкиии_Material_MaskMap.png
  artifactKey: Guid(d3e807e8fabc43741afd767ba7ffa9ea) Importer(2089858483,0ecaa5967403d082aa24f35e1b516d23)
Start importing Assets/Textures/горшкиии_Material_MaskMap.png using Guid(d3e807e8fabc43741afd767ba7ffa9ea) Importer(2089858483,0ecaa5967403d082aa24f35e1b516d23) Generated GUIDs only implemented for interfaces!
 -> (artifact id: 'aaab89ba2d819e4dd901954a3400492c') in 0.041756 seconds
Number of updated asset objects reloaded before import = 0
Number of asset objects unloaded after import = 1
========================================================================
Received Import Request.
  Time since last request: 0.000024 seconds.
  path: Assets/trees/bark02_normal.png
  artifactKey: Guid(925ca687a1b4a9d47999a6d24599fdf2) Importer(2089858483,0ecaa5967403d082aa24f35e1b516d23)
Start importing Assets/trees/bark02_normal.png using Guid(925ca687a1b4a9d47999a6d24599fdf2) Importer(2089858483,0ecaa5967403d082aa24f35e1b516d23) Generated GUIDs only implemented for interfaces!
 -> (artifact id: '1962b45f4809f3f634bfd99f1be1a999') in 0.034407 seconds
Number of updated asset objects reloaded before import = 0
Number of asset objects unloaded after import = 1
========================================================================
Received Import Request.
  Time since last request: 0.000020 seconds.
  path: Assets/Mini First Person Controller/Demo/readme.pdf
  artifactKey: Guid(2d6d961d8f9e0bc4198fc156b2d945a9) Importer(2089858483,0ecaa5967403d082aa24f35e1b516d23)
Start importing Assets/Mini First Person Controller/Demo/readme.pdf using Guid(2d6d961d8f9e0bc4198fc156b2d945a9) Importer(2089858483,0ecaa5967403d082aa24f35e1b516d23) Generated GUIDs only implemented for interfaces!
 -> (artifact id: '4f35ea5df3252074ee1b9eb1247eabc8') in 0.024416 seconds
Number of updated asset objects reloaded before import = 0
Number of asset objects unloaded after import = 1
========================================================================
Received Import Request.
  Time since last request: 0.000019 seconds.
  path: Assets/Textures/door_Normal.png
  artifactKey: Guid(d70b9a7501e09ab44a80a3edd7649643) Importer(2089858483,0ecaa5967403d082aa24f35e1b516d23)
Start importing Assets/Textures/door_Normal.png using Guid(d70b9a7501e09ab44a80a3edd7649643) Importer(2089858483,0ecaa5967403d082aa24f35e1b516d23) Generated GUIDs only implemented for interfaces!
 -> (artifact id: 'b2a16418d714f5bdc3981e3f2719be78') in 0.091203 seconds
Number of updated asset objects reloaded before import = 0
Number of asset objects unloaded after import = 1
========================================================================
Received Import Request.
  Time since last request: 0.000031 seconds.
  path: Assets/Materials/DefaultMaterial_Normal.png
  artifactKey: Guid(f023821ae23a6dc4f92b0f354a427652) Importer(2089858483,0ecaa5967403d082aa24f35e1b516d23)
Start importing Assets/Materials/DefaultMaterial_Normal.png using Guid(f023821ae23a6dc4f92b0f354a427652) Importer(2089858483,0ecaa5967403d082aa24f35e1b516d23) Generated GUIDs only implemented for interfaces!
 -> (artifact id: '31df216043711cb88dded0955423c0fe') in 0.110935 seconds
Number of updated asset objects reloaded before import = 0
Number of asset objects unloaded after import = 1
========================================================================
Received Import Request.
  Time since last request: 0.000026 seconds.
  path: Assets/Mini First Person Controller/Demo/Demo Mini FPC Minimal.unity
  artifactKey: Guid(61309573591a99c4ca97697d104b41ed) Importer(2089858483,0ecaa5967403d082aa24f35e1b516d23)
Start importing Assets/Mini First Person Controller/Demo/Demo Mini FPC Minimal.unity using Guid(61309573591a99c4ca97697d104b41ed) Importer(2089858483,0ecaa5967403d082aa24f35e1b516d23) Generated GUIDs only implemented for interfaces!
 -> (artifact id: 'b3e0d563eaae41aad5235a8acbedbabe') in 0.014398 seconds
Number of updated asset objects reloaded before import = 0
Number of asset objects unloaded after import = 1
========================================================================
Received Import Request.
  Time since last request: 0.000019 seconds.
  path: Assets/Textures/tabl3.fbx
  artifactKey: Guid(31dd1b2be85d6d54d9180b002e59b71c) Importer(2089858483,0ecaa5967403d082aa24f35e1b516d23)
Start importing Assets/Textures/tabl3.fbx using Guid(31dd1b2be85d6d54d9180b002e59b71c) Importer(2089858483,0ecaa5967403d082aa24f35e1b516d23) Generated GUIDs only implemented for interfaces!
 -> (artifact id: '67c4af0edc88015f0e39661baa67fec9') in 0.050917 seconds
Number of updated asset objects reloaded before import = 0
Number of asset objects unloaded after import = 9
========================================================================
Received Import Request.
  Time since last request: 0.000015 seconds.
  path: Assets/Materials/No Name.mat
  artifactKey: Guid(2b4f5b2776475ac4485ce1ad52f9a2e7) Importer(2089858483,0ecaa5967403d082aa24f35e1b516d23)
Start importing Assets/Materials/No Name.mat using Guid(2b4f5b2776475ac4485ce1ad52f9a2e7) Importer(2089858483,0ecaa5967403d082aa24f35e1b516d23) Generated GUIDs only implemented for interfaces!
 -> (artifact id: '76c952d021ca56d721b3ed7028a0a1a0') in 0.034177 seconds
Number of updated asset objects reloaded before import = 0
Number of asset objects unloaded after import = 4
========================================================================
Received Import Request.
  Time since last request: 0.000022 seconds.
  path: Assets/Textures/tablerr.mat
  artifactKey: Guid(57ae2738ecbda7b48a84ae29a5f79ee1) Importer(2089858483,0ecaa5967403d082aa24f35e1b516d23)
Start importing Assets/Textures/tablerr.mat using Guid(57ae2738ecbda7b48a84ae29a5f79ee1) Importer(2089858483,0ecaa5967403d082aa24f35e1b516d23) Generated GUIDs only implemented for interfaces!
 -> (artifact id: '85c032fca6a2ae9937715957cd2a9c15') in 0.027869 seconds
Number of updated asset objects reloaded before import = 0
Number of asset objects unloaded after import = 5
========================================================================
Received Import Request.
  Time since last request: 0.000028 seconds.
  path: Assets/Mini First Person Controller/Scripts/Components/Zoom.cs
  artifactKey: Guid(780f90e951d635f439326ea715cd97e9) Importer(2089858483,0ecaa5967403d082aa24f35e1b516d23)
Start importing Assets/Mini First Person Controller/Scripts/Components/Zoom.cs using Guid(780f90e951d635f439326ea715cd97e9) Importer(2089858483,0ecaa5967403d082aa24f35e1b516d23) Generated GUIDs only implemented for interfaces!
 -> (artifact id: '0917b4079d6a928da04adea11da848aa') in 0.014701 seconds
Number of updated asset objects reloaded before import = 0
Number of asset objects unloaded after import = 1
========================================================================
Received Import Request.
  Time since last request: 0.000021 seconds.
  path: Assets/Materials/tilemap_h3ig2h.fbx
  artifactKey: Guid(87a94938c67912244a458d516445ffe4) Importer(2089858483,0ecaa5967403d082aa24f35e1b516d23)
Start importing Assets/Materials/tilemap_h3ig2h.fbx using Guid(87a94938c67912244a458d516445ffe4) Importer(2089858483,0ecaa5967403d082aa24f35e1b516d23) Generated GUIDs only implemented for interfaces!
 -> (artifact id: '3cbc63c9164f4cbc484a35e48b7c32e3') in 0.047306 seconds
Number of updated asset objects reloaded before import = 0
Number of asset objects unloaded after import = 14
========================================================================
Received Import Request.
  Time since last request: 0.000020 seconds.
  path: Assets/Mini First Person Controller/Audio/Crouch/Crouch end 2.wav
  artifactKey: Guid(e6f44b6fce71be34dbbd6d12cb3d3b8c) Importer(2089858483,0ecaa5967403d082aa24f35e1b516d23)
Start importing Assets/Mini First Person Controller/Audio/Crouch/Crouch end 2.wav using Guid(e6f44b6fce71be34dbbd6d12cb3d3b8c) Importer(2089858483,0ecaa5967403d082aa24f35e1b516d23) Generated GUIDs only implemented for interfaces!
 -> (artifact id: 'bf437612a2896762711126153a93e32b') in 0.045981 seconds
Number of updated asset objects reloaded before import = 0
Number of asset objects unloaded after import = 1
========================================================================
Received Import Request.
  Time since last request: 0.000021 seconds.
  path: Assets/Textures/pots.mat
  artifactKey: Guid(aefdda367b2384b4b941667249e86502) Importer(2089858483,0ecaa5967403d082aa24f35e1b516d23)
Start importing Assets/Textures/pots.mat using Guid(aefdda367b2384b4b941667249e86502) Importer(2089858483,0ecaa5967403d082aa24f35e1b516d23) Generated GUIDs only implemented for interfaces!
 -> (artifact id: 'ba1db0c5ac847a267090eeff76d80060') in 0.022673 seconds
Number of updated asset objects reloaded before import = 0
Number of asset objects unloaded after import = 4
========================================================================
Received Import Request.
  Time since last request: 0.000018 seconds.
  path: Assets/Textures/door_dom2.fbx
  artifactKey: Guid(c1c14629d6838754883f1daa6af548da) Importer(2089858483,0ecaa5967403d082aa24f35e1b516d23)
Start importing Assets/Textures/door_dom2.fbx using Guid(c1c14629d6838754883f1daa6af548da) Importer(2089858483,0ecaa5967403d082aa24f35e1b516d23) Generated GUIDs only implemented for interfaces!
 -> (artifact id: '5ae107db405d43dd93a37f6a0027afaa') in 0.032377 seconds
Number of updated asset objects reloaded before import = 0
Number of asset objects unloaded after import = 9
========================================================================
Received Import Request.
  Time since last request: 0.000016 seconds.
  path: Assets/trees/Leaves.mat
  artifactKey: Guid(57f6caf583f4be4419bc6d6917f76718) Importer(2089858483,0ecaa5967403d082aa24f35e1b516d23)
Start importing Assets/trees/Leaves.mat using Guid(57f6caf583f4be4419bc6d6917f76718) Importer(2089858483,0ecaa5967403d082aa24f35e1b516d23) Generated GUIDs only implemented for interfaces!
 -> (artifact id: 'efb886905aea59be1af621024cc2ff52') in 0.014885 seconds
Number of updated asset objects reloaded before import = 0
Number of asset objects unloaded after import = 3
========================================================================
Received Import Request.
  Time since last request: 0.000017 seconds.
  path: Assets/Materials/DefaultMaterial_Metallic.png
  artifactKey: Guid(44c389348da63ac43b39f2d632420a0b) Importer(2089858483,0ecaa5967403d082aa24f35e1b516d23)
Start importing Assets/Materials/DefaultMaterial_Metallic.png using Guid(44c389348da63ac43b39f2d632420a0b) Importer(2089858483,0ecaa5967403d082aa24f35e1b516d23) Generated GUIDs only implemented for interfaces!
 -> (artifact id: '655855ddb7126ee00925129c7bdbfe1f') in 0.029534 seconds
Number of updated asset objects reloaded before import = 0
Number of asset objects unloaded after import = 1
========================================================================
Received Import Request.
  Time since last request: 0.000020 seconds.
  path: Assets/Materials/boiler2_DefaultMaterial_Normal.png
  artifactKey: Guid(8fc2293ff4febdf41a9409fd012a7c3f) Importer(2089858483,0ecaa5967403d082aa24f35e1b516d23)
Start importing Assets/Materials/boiler2_DefaultMaterial_Normal.png using Guid(8fc2293ff4febdf41a9409fd012a7c3f) Importer(2089858483,0ecaa5967403d082aa24f35e1b516d23) Generated GUIDs only implemented for interfaces!
 -> (artifact id: '8a73b6e0f3dc25d40119f61f57030379') in 0.035588 seconds
Number of updated asset objects reloaded before import = 0
Number of asset objects unloaded after import = 1
========================================================================
Received Import Request.
  Time since last request: 0.000019 seconds.
  path: Assets/Materials/горшкиии.fbx
  artifactKey: Guid(72c9ea197c670d1498f34ea940456b30) Importer(2089858483,0ecaa5967403d082aa24f35e1b516d23)
Start importing Assets/Materials/горшкиии.fbx using Guid(72c9ea197c670d1498f34ea940456b30) Importer(2089858483,0ecaa5967403d082aa24f35e1b516d23) Generated GUIDs only implemented for interfaces!
 -> (artifact id: '7ab78ff458d3396ea1cccb7b2fd7569c') in 0.065749 seconds
Number of updated asset objects reloaded before import = 0
Number of asset objects unloaded after import = 25
========================================================================
Received Import Request.
  Time since last request: 0.000163 seconds.
  path: Assets/Mini First Person Controller/First Person Controller.prefab
  artifactKey: Guid(11aaea5348574644a9eb4f4504fcce3f) Importer(2089858483,0ecaa5967403d082aa24f35e1b516d23)
Start importing Assets/Mini First Person Controller/First Person Controller.prefab using Guid(11aaea5348574644a9eb4f4504fcce3f) Importer(2089858483,0ecaa5967403d082aa24f35e1b516d23) Generated GUIDs only implemented for interfaces!
 -> (artifact id: '684215e81fce0fc090837775f88e543e') in 0.109732 seconds
Number of updated asset objects reloaded before import = 0
Number of asset objects unloaded after import = 61
========================================================================
Received Import Request.
  Time since last request: 0.000027 seconds.
  path: Assets/trees/tree1.fbx
  artifactKey: Guid(812cad424e44f3e40b384c0d5777ab11) Importer(2089858483,0ecaa5967403d082aa24f35e1b516d23)
Start importing Assets/trees/tree1.fbx using Guid(812cad424e44f3e40b384c0d5777ab11) Importer(2089858483,0ecaa5967403d082aa24f35e1b516d23) Generated GUIDs only implemented for interfaces!
 -> (artifact id: 'f16bfc1152eb5c5a5e66674a350c8f55') in 0.039148 seconds
Number of updated asset objects reloaded before import = 0
Number of asset objects unloaded after import = 23
========================================================================
Received Import Request.
  Time since last request: 0.000019 seconds.
  path: Assets/Textures/door_Mixed_AO.png
  artifactKey: Guid(f175120adca064e4291689f6dfc79d2e) Importer(2089858483,0ecaa5967403d082aa24f35e1b516d23)
Start importing Assets/Textures/door_Mixed_AO.png using Guid(f175120adca064e4291689f6dfc79d2e) Importer(2089858483,0ecaa5967403d082aa24f35e1b516d23) Generated GUIDs only implemented for interfaces!
 -> (artifact id: 'f87c3411abae5d00d0f0039c2ce4fd49') in 0.030021 seconds
Number of updated asset objects reloaded before import = 0
Number of asset objects unloaded after import = 1
========================================================================
Received Import Request.
  Time since last request: 0.000058 seconds.
  path: Assets/Mini First Person Controller/Audio/Landing/Landing 1.wav
  artifactKey: Guid(9fcb6dc763cd0354da305b5de2091287) Importer(2089858483,0ecaa5967403d082aa24f35e1b516d23)
Start importing Assets/Mini First Person Controller/Audio/Landing/Landing 1.wav using Guid(9fcb6dc763cd0354da305b5de2091287) Importer(2089858483,0ecaa5967403d082aa24f35e1b516d23) Generated GUIDs only implemented for interfaces!
 -> (artifact id: 'c871cc4e646fdd237555eb93f10d082f') in 0.053133 seconds
Number of updated asset objects reloaded before import = 0
Number of asset objects unloaded after import = 1
========================================================================
Received Import Request.
  Time since last request: 0.000018 seconds.
  path: Assets/star gate.fbx
  artifactKey: Guid(651fadeca8cbe8643815133cd6ac9acf) Importer(2089858483,0ecaa5967403d082aa24f35e1b516d23)
Start importing Assets/star gate.fbx using Guid(651fadeca8cbe8643815133cd6ac9acf) Importer(2089858483,0ecaa5967403d082aa24f35e1b516d23) Generated GUIDs only implemented for interfaces!
 -> (artifact id: 'fd2bce9f704880a794bdffb3890702ba') in 0.074472 seconds
Number of updated asset objects reloaded before import = 0
Number of asset objects unloaded after import = 15
========================================================================
Received Import Request.
  Time since last request: 0.000024 seconds.
  path: Assets/Textures/горшкиии_Material_Normal.png
  artifactKey: Guid(da60853e5d838d44bb1834b4a329c304) Importer(2089858483,0ecaa5967403d082aa24f35e1b516d23)
Start importing Assets/Textures/горшкиии_Material_Normal.png using Guid(da60853e5d838d44bb1834b4a329c304) Importer(2089858483,0ecaa5967403d082aa24f35e1b516d23) Generated GUIDs only implemented for interfaces!
 -> (artifact id: 'ebd253656c577597ecec21b7cb210149') in 0.039731 seconds
Number of updated asset objects reloaded before import = 0
Number of asset objects unloaded after import = 1
========================================================================
Received Import Request.
  Time since last request: 0.000020 seconds.
  path: Assets/Textures/door_Base_color.png
  artifactKey: Guid(ce19301eeffd5f0469e5d0d537f3df66) Importer(2089858483,0ecaa5967403d082aa24f35e1b516d23)
Start importing Assets/Textures/door_Base_color.png using Guid(ce19301eeffd5f0469e5d0d537f3df66) Importer(2089858483,0ecaa5967403d082aa24f35e1b516d23) Generated GUIDs only implemented for interfaces!
 -> (artifact id: '8a19b74d34537afda28a47ed0b88c6a4') in 0.037594 seconds
Number of updated asset objects reloaded before import = 0
Number of asset objects unloaded after import = 1
========================================================================
Received Import Request.
  Time since last request: 0.000023 seconds.
  path: Assets/Materials/Materials/boiler2_DefaultMaterial_Normal.mat
  artifactKey: Guid(f36d27fa8f887e74e818addae3ff0066) Importer(2089858483,0ecaa5967403d082aa24f35e1b516d23)
Start importing Assets/Materials/Materials/boiler2_DefaultMaterial_Normal.mat using Guid(f36d27fa8f887e74e818addae3ff0066) Importer(2089858483,0ecaa5967403d082aa24f35e1b516d23) Generated GUIDs only implemented for interfaces!
 -> (artifact id: 'd46bb1662515b62534f8df7fccb04d6b') in 0.017242 seconds
Number of updated asset objects reloaded before import = 0
Number of asset objects unloaded after import = 2
========================================================================
Received Import Request.
  Time since last request: 0.005360 seconds.
  path: Assets/Materials/DefaultMaterial_Roughness.png
  artifactKey: Guid(ff32486ae392e3444b7a1de7dd8b36a2) Importer(2089858483,0ecaa5967403d082aa24f35e1b516d23)
Start importing Assets/Materials/DefaultMaterial_Roughness.png using Guid(ff32486ae392e3444b7a1de7dd8b36a2) Importer(2089858483,0ecaa5967403d082aa24f35e1b516d23) Generated GUIDs only implemented for interfaces!
 -> (artifact id: '2977c841c7c6bc63acb59754a1542703') in 0.098346 seconds
Number of updated asset objects reloaded before import = 0
Number of asset objects unloaded after import = 1
========================================================================
Received Import Request.
  Time since last request: 0.000015 seconds.
  path: Assets/Materials/floor.mat
  artifactKey: Guid(0501a08aa6337c2409346a8f57945811) Importer(2089858483,0ecaa5967403d082aa24f35e1b516d23)
Start importing Assets/Materials/floor.mat using Guid(0501a08aa6337c2409346a8f57945811) Importer(2089858483,0ecaa5967403d082aa24f35e1b516d23) Generated GUIDs only implemented for interfaces!
 -> (artifact id: '3f01136094b164d9df4b8bc06e7a3346') in 0.048526 seconds
Number of updated asset objects reloaded before import = 0
Number of asset objects unloaded after import = 5
========================================================================
Received Import Request.
  Time since last request: 0.000017 seconds.
  path: Assets/Textures/Material.001_Height.png
  artifactKey: Guid(e8f3aeb8ee922f949b676e2a2d4503e0) Importer(2089858483,0ecaa5967403d082aa24f35e1b516d23)
Start importing Assets/Textures/Material.001_Height.png using Guid(e8f3aeb8ee922f949b676e2a2d4503e0) Importer(2089858483,0ecaa5967403d082aa24f35e1b516d23) Generated GUIDs only implemented for interfaces!
 -> (artifact id: '54e1e028b06dabb258225096a54d763c') in 0.033683 seconds
Number of updated asset objects reloaded before import = 0
Number of asset objects unloaded after import = 1
========================================================================
Received Import Request.
  Time since last request: 0.000027 seconds.
  path: Assets/Mini First Person Controller/Scripts/Components/Jump.cs
  artifactKey: Guid(8f977f53412d81140ab13b3fca57cca2) Importer(2089858483,0ecaa5967403d082aa24f35e1b516d23)
Start importing Assets/Mini First Person Controller/Scripts/Components/Jump.cs using Guid(8f977f53412d81140ab13b3fca57cca2) Importer(2089858483,0ecaa5967403d082aa24f35e1b516d23) Generated GUIDs only implemented for interfaces!
 -> (artifact id: '2241cebf971b30a5751dd254e378d85d') in 0.011081 seconds
Number of updated asset objects reloaded before import = 0
Number of asset objects unloaded after import = 1
========================================================================
Received Import Request.
  Time since last request: 0.000021 seconds.
  path: Assets/Materials/floowmat_Normal.png
  artifactKey: Guid(36f30bd4786f9aa4caaace66ce3cf3b2) Importer(2089858483,0ecaa5967403d082aa24f35e1b516d23)
Start importing Assets/Materials/floowmat_Normal.png using Guid(36f30bd4786f9aa4caaace66ce3cf3b2) Importer(2089858483,0ecaa5967403d082aa24f35e1b516d23) Generated GUIDs only implemented for interfaces!
 -> (artifact id: '875bb745a103fc2d84a37e11fb26d42a') in 0.035471 seconds
Number of updated asset objects reloaded before import = 0
Number of asset objects unloaded after import = 1
========================================================================
Received Import Request.
  Time since last request: 0.000015 seconds.
  path: Assets/Textures/Material.001_Roughness.png
  artifactKey: Guid(2f4e336106e6a3c4b881351414233960) Importer(2089858483,0ecaa5967403d082aa24f35e1b516d23)
Start importing Assets/Textures/Material.001_Roughness.png using Guid(2f4e336106e6a3c4b881351414233960) Importer(2089858483,0ecaa5967403d082aa24f35e1b516d23) Generated GUIDs only implemented for interfaces!
 -> (artifact id: 'f8f91c6d40f4da3e2bf94bca6402b7fd') in 0.106335 seconds
Number of updated asset objects reloaded before import = 0
Number of asset objects unloaded after import = 1
========================================================================
Received Import Request.
  Time since last request: 0.000019 seconds.
  path: Assets/Materials/floowmat_Albedo.png
  artifactKey: Guid(0062574d34881d448bc363ca024d5caf) Importer(2089858483,0ecaa5967403d082aa24f35e1b516d23)
Start importing Assets/Materials/floowmat_Albedo.png using Guid(0062574d34881d448bc363ca024d5caf) Importer(2089858483,0ecaa5967403d082aa24f35e1b516d23) Generated GUIDs only implemented for interfaces!
 -> (artifact id: 'f71fff4facc8455777f469980f2ad7c0') in 0.035993 seconds
Number of updated asset objects reloaded before import = 0
Number of asset objects unloaded after import = 1
========================================================================
Received Import Request.
  Time since last request: 0.000021 seconds.
  path: Assets/Materials/DefaultMaterial_Normal_OpenGL.png
  artifactKey: Guid(efd1e42b327948c4f867d89d14f796ae) Importer(2089858483,0ecaa5967403d082aa24f35e1b516d23)
Start importing Assets/Materials/DefaultMaterial_Normal_OpenGL.png using Guid(efd1e42b327948c4f867d89d14f796ae) Importer(2089858483,0ecaa5967403d082aa24f35e1b516d23) Generated GUIDs only implemented for interfaces!
 -> (artifact id: '5837df548d6bc0391d7874c0caf020f3') in 0.035422 seconds
Number of updated asset objects reloaded before import = 0
Number of asset objects unloaded after import = 1
========================================================================
Received Import Request.
  Time since last request: 0.000018 seconds.
  path: Assets/trees/leaf birch_normal.png
  artifactKey: Guid(39be2b7ba93c6094ca4e489b8dd90d4a) Importer(2089858483,0ecaa5967403d082aa24f35e1b516d23)
Start importing Assets/trees/leaf birch_normal.png using Guid(39be2b7ba93c6094ca4e489b8dd90d4a) Importer(2089858483,0ecaa5967403d082aa24f35e1b516d23) Generated GUIDs only implemented for interfaces!
 -> (artifact id: 'f00599d49fc639852ecad5ac637e59ff') in 0.030432 seconds
Number of updated asset objects reloaded before import = 0
Number of asset objects unloaded after import = 1
========================================================================
Received Import Request.
  Time since last request: 0.000024 seconds.
  path: Assets/Materials/boiler2_DefaultMaterial_MetallicSmoothness.png
  artifactKey: Guid(4411c876570bafa45bef9d2fd6767245) Importer(2089858483,0ecaa5967403d082aa24f35e1b516d23)
Start importing Assets/Materials/boiler2_DefaultMaterial_MetallicSmoothness.png using Guid(4411c876570bafa45bef9d2fd6767245) Importer(2089858483,0ecaa5967403d082aa24f35e1b516d23) Generated GUIDs only implemented for interfaces!
 -> (artifact id: '0fe398fc878684c645da6e132b058f84') in 0.033755 seconds
Number of updated asset objects reloaded before import = 0
Number of asset objects unloaded after import = 1
========================================================================
Received Import Request.
  Time since last request: 0.000016 seconds.
  path: Assets/Textures/горшкиии_Material_BaseMap.png
  artifactKey: Guid(a67796a2b624f284085bd3e3212244e3) Importer(2089858483,0ecaa5967403d082aa24f35e1b516d23)
Start importing Assets/Textures/горшкиии_Material_BaseMap.png using Guid(a67796a2b624f284085bd3e3212244e3) Importer(2089858483,0ecaa5967403d082aa24f35e1b516d23) Generated GUIDs only implemented for interfaces!
 -> (artifact id: '177c86704747004d3b1e7f28158c17d6') in 0.030900 seconds
Number of updated asset objects reloaded before import = 0
Number of asset objects unloaded after import = 1
========================================================================
Received Import Request.
  Time since last request: 0.000019 seconds.
  path: Assets/trees/bark02_roughness.png
  artifactKey: Guid(99ac152f73d36294288f90c8ae224a23) Importer(2089858483,0ecaa5967403d082aa24f35e1b516d23)
Start importing Assets/trees/bark02_roughness.png using Guid(99ac152f73d36294288f90c8ae224a23) Importer(2089858483,0ecaa5967403d082aa24f35e1b516d23) Generated GUIDs only implemented for interfaces!
 -> (artifact id: 'e6d9b36b23bb9e0b593468dc2e12355a') in 0.030701 seconds
Number of updated asset objects reloaded before import = 0
Number of asset objects unloaded after import = 1
========================================================================
Received Import Request.
  Time since last request: 0.000017 seconds.
  path: Assets/Mini First Person Controller/Audio/Crouch/Crouch start 2.wav
  artifactKey: Guid(8a49e3e94b1e34e47bc5f47c5233c5a5) Importer(2089858483,0ecaa5967403d082aa24f35e1b516d23)
Start importing Assets/Mini First Person Controller/Audio/Crouch/Crouch start 2.wav using Guid(8a49e3e94b1e34e47bc5f47c5233c5a5) Importer(2089858483,0ecaa5967403d082aa24f35e1b516d23) Generated GUIDs only implemented for interfaces!
 -> (artifact id: '43db6ede0e691c57a7863612cfba63f6') in 0.050549 seconds
Number of updated asset objects reloaded before import = 0
Number of asset objects unloaded after import = 1
========================================================================
Received Import Request.
  Time since last request: 0.000019 seconds.
  path: Assets/Mini First Person Controller/Audio/Crouch/Crouch end 1.wav
  artifactKey: Guid(aac7fe48a39af6e46a2d48c5d2655976) Importer(2089858483,0ecaa5967403d082aa24f35e1b516d23)
Start importing Assets/Mini First Person Controller/Audio/Crouch/Crouch end 1.wav using Guid(aac7fe48a39af6e46a2d48c5d2655976) Importer(2089858483,0ecaa5967403d082aa24f35e1b516d23) Generated GUIDs only implemented for interfaces!
 -> (artifact id: 'f4e4c7c7c40c96523bfbd33f63edb1aa') in 0.048231 seconds
Number of updated asset objects reloaded before import = 0
Number of asset objects unloaded after import = 1
========================================================================
Received Import Request.
  Time since last request: 0.000019 seconds.
  path: Assets/Mini First Person Controller/Audio/Landing/Landing 3.wav
  artifactKey: Guid(50b288ce0d5ac1e439827c5365c74c31) Importer(2089858483,0ecaa5967403d082aa24f35e1b516d23)
Start importing Assets/Mini First Person Controller/Audio/Landing/Landing 3.wav using Guid(50b288ce0d5ac1e439827c5365c74c31) Importer(2089858483,0ecaa5967403d082aa24f35e1b516d23) Generated GUIDs only implemented for interfaces!
 -> (artifact id: 'f9388f13ff02e93c6fd7c85468e9891b') in 0.050570 seconds
Number of updated asset objects reloaded before import = 0
Number of asset objects unloaded after import = 1
========================================================================
Received Import Request.
  Time since last request: 0.000016 seconds.
  path: Assets/fern.fbx
  artifactKey: Guid(1f852ba842d1d404aba9033cc4e574b6) Importer(2089858483,0ecaa5967403d082aa24f35e1b516d23)
Start importing Assets/fern.fbx using Guid(1f852ba842d1d404aba9033cc4e574b6) Importer(2089858483,0ecaa5967403d082aa24f35e1b516d23) Generated GUIDs only implemented for interfaces!
 -> (artifact id: '8f48ad8431494d18c530c0a6c154248e') in 0.056159 seconds
Number of updated asset objects reloaded before import = 0
Number of asset objects unloaded after import = 15
========================================================================
Received Import Request.
  Time since last request: 0.000046 seconds.
  path: Assets/Textures/Material.001_Mixed_AO.png
  artifactKey: Guid(9e5955ac863cf2f4abf48889cc346d24) Importer(2089858483,0ecaa5967403d082aa24f35e1b516d23)
Start importing Assets/Textures/Material.001_Mixed_AO.png using Guid(9e5955ac863cf2f4abf48889cc346d24) Importer(2089858483,0ecaa5967403d082aa24f35e1b516d23) Generated GUIDs only implemented for interfaces!
 -> (artifact id: 'f4cfdb881335d44050309ae9cedfd406') in 0.078263 seconds
Number of updated asset objects reloaded before import = 0
Number of asset objects unloaded after import = 1
========================================================================
Received Import Request.
  Time since last request: 0.000021 seconds.
  path: Assets/Textures/door_Normal_OpenGL.png
  artifactKey: Guid(38aedf8fbb32fcb4e849a62f44583d58) Importer(2089858483,0ecaa5967403d082aa24f35e1b516d23)
Start importing Assets/Textures/door_Normal_OpenGL.png using Guid(38aedf8fbb32fcb4e849a62f44583d58) Importer(2089858483,0ecaa5967403d082aa24f35e1b516d23) Generated GUIDs only implemented for interfaces!
 -> (artifact id: '83cc8a83b21191afb6c0f2efb7f48039') in 0.037099 seconds
Number of updated asset objects reloaded before import = 0
Number of asset objects unloaded after import = 1
========================================================================
Received Import Request.
  Time since last request: 0.000019 seconds.
  path: Assets/Materials/floowmat_Occlusion.png
  artifactKey: Guid(bb2d2226e12435546a0d93aab4e1f909) Importer(2089858483,0ecaa5967403d082aa24f35e1b516d23)
Start importing Assets/Materials/floowmat_Occlusion.png using Guid(bb2d2226e12435546a0d93aab4e1f909) Importer(2089858483,0ecaa5967403d082aa24f35e1b516d23) Generated GUIDs only implemented for interfaces!
 -> (artifact id: '6eeb9f9b234e547dd1203c5524d4533d') in 0.031544 seconds
Number of updated asset objects reloaded before import = 0
Number of asset objects unloaded after import = 1
========================================================================
Received Import Request.
  Time since last request: 0.000022 seconds.
  path: Assets/Textures/Material.001_Normal_OpenGL.png
  artifactKey: Guid(0434e779168e0d94db1dbd79813ec038) Importer(2089858483,0ecaa5967403d082aa24f35e1b516d23)
Start importing Assets/Textures/Material.001_Normal_OpenGL.png using Guid(0434e779168e0d94db1dbd79813ec038) Importer(2089858483,0ecaa5967403d082aa24f35e1b516d23) Generated GUIDs only implemented for interfaces!
 -> (artifact id: '2d9219f157a08fae604efa0a854de847') in 0.084222 seconds
Number of updated asset objects reloaded before import = 0
Number of asset objects unloaded after import = 1
========================================================================
Received Prepare
Refreshing native plugins compatible for Editor in 4.80 ms, found 3 plugins.
Preloading 0 native plugins for Editor in 0.00 ms.
Unloading 0 Unused Serialized files (Serialized files now loaded: 0)
Unloading 1 unused Assets / (0.9 KB). Loaded Objects now: 3627.
Memory consumption went from 91.4 MB to 91.4 MB.
Total: 6.008500 ms (FindLiveObjects: 0.426700 ms CreateObjectMapping: 0.390000 ms MarkObjects: 5.162600 ms  DeleteObjects: 0.027000 ms)

Prepare: number of updated asset objects reloaded= 0
AssetImportParameters requested are different than current active one (requested -> active):
  custom:container-demuxer-ogg: 62fdf1f143b41e24485cea50d1cbac27 -> 
  custom:video-decoder-ogg-theora: a1e56fd34408186e4bbccfd4996cb3dc -> 
  custom:framework-win-MediaFoundation: 216162199b28c13a410421893ffa2e32 -> 
  custom:CustomObjectIndexerAttribute: 6d391050e5a25f67b0a2c618074f2cd9 -> 
  custom:container-demuxer-webm: 4f35f7cbe854078d1ac9338744f61a02 -> 
  custom:container-muxer-webm: aa71ff27fc2769a1b78a27578f13a17b -> 
  custom:video-decoder-webm-vp8: 9c59270c3fd7afecdb556c50c9e8de78 -> 
  custom:SearchIndexIgnoredProperties: e643bd26f0fe6173181afceb89e7c659 -> 
  custom:AudioImporter_EditorPlatform: d09bf68614088b80899f8185d706f6e7 -> 
  custom:video-encoder-webm-vp8: eb34c28f22e8b96e1ab97ce403110664 -> 
  custom:audio-decoder-ogg-vorbis: bf7c407c2cedff20999df2af8eb42d56 -> 
  custom:audio-encoder-webm-vorbis: bf7c407c2cedff20999df2af8eb42d56 -> 
Editor requested this worker to shutdown with reason: Scaling down because of idle timeout
TcpMessagingSession - receive error: operation aborted. errorcode: 995, details:  /   -       .
AssetImportWorker is now disconnected from the server
Process exiting
Exiting without the bug reporter. Application will terminate with return code 0