Using pre-set license
Built from '2022.3/release' branch; Version is '2022.3.18f1 (d29bea25151d) revision 13802474'; Using compiler version '192829333'; Build Type 'Release'
OS: 'Windows 10  (10.0.19045) 64bit Core' Language: 'ru' Physical Memory: 16287 MB
BatchMode: 1, IsHumanControllingUs: 0, StartBugReporterOnCrash: 0, Is64bit: 1, IsPro: 1

COMMAND LINE ARGUMENTS:
D:\fixauroar\Documents\Editor\2022.3.18f1\Editor\Unity.exe
-adb2
-batchMode
-noUpm
-name
AssetImportWorker5
-projectPath
D:/fixmes/GitHub/FinalGameProject/FinalEnviroment
-logFile
Logs/AssetImportWorker5.log
-srvPort
53905
Successfully changed project path to: D:/fixmes/GitHub/FinalGameProject/FinalEnviroment
D:/fixmes/GitHub/FinalGameProject/FinalEnviroment
[UnityMemory] Configuration Parameters - Can be set up in boot.config
    "memorysetup-bucket-allocator-granularity=16"
    "memorysetup-bucket-allocator-bucket-count=8"
    "memorysetup-bucket-allocator-block-size=33554432"
    "memorysetup-bucket-allocator-block-count=8"
    "memorysetup-main-allocator-block-size=16777216"
    "memorysetup-thread-allocator-block-size=16777216"
    "memorysetup-gfx-main-allocator-block-size=16777216"
    "memorysetup-gfx-thread-allocator-block-size=16777216"
    "memorysetup-cache-allocator-block-size=4194304"
    "memorysetup-typetree-allocator-block-size=2097152"
    "memorysetup-profiler-bucket-allocator-granularity=16"
    "memorysetup-profiler-bucket-allocator-bucket-count=8"
    "memorysetup-profiler-bucket-allocator-block-size=33554432"
    "memorysetup-profiler-bucket-allocator-block-count=8"
    "memorysetup-profiler-allocator-block-size=16777216"
    "memorysetup-profiler-editor-allocator-block-size=1048576"
    "memorysetup-temp-allocator-size-main=16777216"
    "memorysetup-job-temp-allocator-block-size=2097152"
    "memorysetup-job-temp-allocator-block-size-background=1048576"
    "memorysetup-job-temp-allocator-reduction-small-platforms=262144"
    "memorysetup-allocator-temp-initial-block-size-main=262144"
    "memorysetup-allocator-temp-initial-block-size-worker=262144"
    "memorysetup-temp-allocator-size-background-worker=32768"
    "memorysetup-temp-allocator-size-job-worker=262144"
    "memorysetup-temp-allocator-size-preload-manager=33554432"
    "memorysetup-temp-allocator-size-nav-mesh-worker=65536"
    "memorysetup-temp-allocator-size-audio-worker=65536"
    "memorysetup-temp-allocator-size-cloud-worker=32768"
    "memorysetup-temp-allocator-size-gi-baking-worker=262144"
    "memorysetup-temp-allocator-size-gfx=262144"
Player connection [25944] Host "[IP] 10.0.0.77 [Port] 0 [Flags] 2 [Guid] 2778589265 [EditorId] 2778589265 [Version] 1048832 [Id] WindowsEditor(7,POI-Desk) [Debug] 1 [PackageName] WindowsEditor [ProjectName] Editor" joined multi-casting on [225.0.0.222:54997]...

Player connection [25944] Host "[IP] 10.0.0.77 [Port] 0 [Flags] 2 [Guid] 2778589265 [EditorId] 2778589265 [Version] 1048832 [Id] WindowsEditor(7,POI-Desk) [Debug] 1 [PackageName] WindowsEditor [ProjectName] Editor" joined alternative multi-casting on [225.0.0.222:34997]...

[Physics::Module] Initialized MultithreadedJobDispatcher with 11 workers.
Refreshing native plugins compatible for Editor in 7.25 ms, found 3 plugins.
Preloading 0 native plugins for Editor in 0.00 ms.
Initialize engine version: 2022.3.18f1 (d29bea25151d)
[Subsystems] Discovering subsystems at path D:/fixauroar/Documents/Editor/2022.3.18f1/Editor/Data/Resources/UnitySubsystems
[Subsystems] Discovering subsystems at path D:/fixmes/GitHub/FinalGameProject/FinalEnviroment/Assets
GfxDevice: creating device client; threaded=0; jobified=0
Direct3D:
    Version:  Direct3D 11.0 [level 11.1]
    Renderer: NVIDIA GeForce RTX 3060 Ti (ID=0x2489)
    Vendor:   NVIDIA
    VRAM:     8038 MB
    Driver:   31.0.15.3713
Initialize mono
Mono path[0] = 'D:/fixauroar/Documents/Editor/2022.3.18f1/Editor/Data/Managed'
Mono path[1] = 'D:/fixauroar/Documents/Editor/2022.3.18f1/Editor/Data/MonoBleedingEdge/lib/mono/unityjit-win32'
Mono config path = 'D:/fixauroar/Documents/Editor/2022.3.18f1/Editor/Data/MonoBleedingEdge/etc'
Using monoOptions --debugger-agent=transport=dt_socket,embedding=1,server=y,suspend=n,address=127.0.0.1:56592
Begin MonoManager ReloadAssembly
Registering precompiled unity dll's ...
Register platform support module: D:/fixauroar/Documents/Editor/2022.3.18f1/Editor/Data/PlaybackEngines/WebGLSupport/UnityEditor.WebGL.Extensions.dll
Register platform support module: D:/fixauroar/Documents/Editor/2022.3.18f1/Editor/Data/PlaybackEngines/WindowsStandaloneSupport/UnityEditor.WindowsStandalone.Extensions.dll
Registered in 0.005944 seconds.
- Loaded All Assemblies, in  0.380 seconds
Native extension for WindowsStandalone target not found
Native extension for WebGL target not found
Mono: successfully reloaded assembly
- Finished resetting the current domain, in  0.290 seconds
Domain Reload Profiling: 669ms
	BeginReloadAssembly (122ms)
		ExecutionOrderSort (0ms)
		DisableScriptedObjects (0ms)
		BackupInstance (0ms)
		ReleaseScriptingObjects (0ms)
		CreateAndSetChildDomain (1ms)
	RebuildCommonClasses (35ms)
	RebuildNativeTypeToScriptingClass (11ms)
	initialDomainReloadingComplete (52ms)
	LoadAllAssembliesAndSetupDomain (159ms)
		LoadAssemblies (123ms)
		RebuildTransferFunctionScriptingTraits (0ms)
		AnalyzeDomain (156ms)
			TypeCache.Refresh (154ms)
				TypeCache.ScanAssembly (140ms)
			ScanForSourceGeneratedMonoScriptInfo (0ms)
			ResolveRequiredComponents (1ms)
	FinalizeReload (290ms)
		ReleaseScriptCaches (0ms)
		RebuildScriptCaches (0ms)
		SetupLoadedEditorAssemblies (227ms)
			LogAssemblyErrors (0ms)
			InitializePlatformSupportModulesInManaged (9ms)
			SetLoadedEditorAssemblies (6ms)
			RefreshPlugins (0ms)
			BeforeProcessingInitializeOnLoad (3ms)
			ProcessInitializeOnLoadAttributes (159ms)
			ProcessInitializeOnLoadMethodAttributes (50ms)
			AfterProcessingInitializeOnLoad (0ms)
			EditorAssembliesLoaded (0ms)
		ExecutionOrderSort2 (0ms)
		AwakeInstancesAfterBackupRestoration (0ms)
========================================================================
Worker process is ready to serve import requests
Begin MonoManager ReloadAssembly
- Loaded All Assemblies, in  0.656 seconds
Refreshing native plugins compatible for Editor in 2.88 ms, found 3 plugins.
Native extension for WindowsStandalone target not found
Native extension for WebGL target not found
Package Manager log level set to [2]
[Package Manager] Server::EnsureServerProcessIsRunning -- launch failed, reason: Unity was launched with the -noUpm command-line argument
[Package Manager] UpmClient::Send -- Unable to send message (not connected to UPM process).
[Package Manager] Cannot connect to Unity Package Manager local server
Mono: successfully reloaded assembly
- Finished resetting the current domain, in  0.617 seconds
Domain Reload Profiling: 1273ms
	BeginReloadAssembly (158ms)
		ExecutionOrderSort (0ms)
		DisableScriptedObjects (6ms)
		BackupInstance (0ms)
		ReleaseScriptingObjects (0ms)
		CreateAndSetChildDomain (20ms)
	RebuildCommonClasses (38ms)
	RebuildNativeTypeToScriptingClass (12ms)
	initialDomainReloadingComplete (38ms)
	LoadAllAssembliesAndSetupDomain (410ms)
		LoadAssemblies (313ms)
		RebuildTransferFunctionScriptingTraits (0ms)
		AnalyzeDomain (195ms)
			TypeCache.Refresh (172ms)
				TypeCache.ScanAssembly (156ms)
			ScanForSourceGeneratedMonoScriptInfo (17ms)
			ResolveRequiredComponents (4ms)
	FinalizeReload (617ms)
		ReleaseScriptCaches (0ms)
		RebuildScriptCaches (0ms)
		SetupLoadedEditorAssemblies (454ms)
			LogAssemblyErrors (0ms)
			InitializePlatformSupportModulesInManaged (7ms)
			SetLoadedEditorAssemblies (4ms)
			RefreshPlugins (0ms)
			BeforeProcessingInitializeOnLoad (56ms)
			ProcessInitializeOnLoadAttributes (363ms)
			ProcessInitializeOnLoadMethodAttributes (22ms)
			AfterProcessingInitializeOnLoad (4ms)
			EditorAssembliesLoaded (0ms)
		ExecutionOrderSort2 (0ms)
		AwakeInstancesAfterBackupRestoration (7ms)
Launched and connected shader compiler UnityShaderCompiler.exe after 0.05 seconds
Refreshing native plugins compatible for Editor in 3.47 ms, found 3 plugins.
Preloading 0 native plugins for Editor in 0.00 ms.
Unloading 3099 Unused Serialized files (Serialized files now loaded: 0)
Unloading 32 unused Assets / (57.4 KB). Loaded Objects now: 3581.
Memory consumption went from 133.0 MB to 132.9 MB.
Total: 8.856300 ms (FindLiveObjects: 0.866300 ms CreateObjectMapping: 0.892500 ms MarkObjects: 6.935500 ms  DeleteObjects: 0.160800 ms)

AssetImportParameters requested are different than current active one (requested -> active):
  custom:container-demuxer-ogg: 62fdf1f143b41e24485cea50d1cbac27 -> 
  custom:video-decoder-ogg-theora: a1e56fd34408186e4bbccfd4996cb3dc -> 
  custom:framework-win-MediaFoundation: 216162199b28c13a410421893ffa2e32 -> 
  custom:CustomObjectIndexerAttribute: 6d391050e5a25f67b0a2c618074f2cd9 -> 
  custom:container-demuxer-webm: 4f35f7cbe854078d1ac9338744f61a02 -> 
  custom:container-muxer-webm: aa71ff27fc2769a1b78a27578f13a17b -> 
  custom:video-decoder-webm-vp8: 9c59270c3fd7afecdb556c50c9e8de78 -> 
  custom:SearchIndexIgnoredProperties: e643bd26f0fe6173181afceb89e7c659 -> 
  custom:AudioImporter_EditorPlatform: d09bf68614088b80899f8185d706f6e7 -> 
  custom:video-encoder-webm-vp8: eb34c28f22e8b96e1ab97ce403110664 -> 
  custom:audio-decoder-ogg-vorbis: bf7c407c2cedff20999df2af8eb42d56 -> 
  custom:audio-encoder-webm-vorbis: bf7c407c2cedff20999df2af8eb42d56 -> 
========================================================================
Received Import Request.
  Time since last request: 319078.161089 seconds.
  path: Assets/trees/leaf birch_normal.png
  artifactKey: Guid(39be2b7ba93c6094ca4e489b8dd90d4a) Importer(815301076,1909f56bfc062723c751e8b465ee728b)
Start importing Assets/trees/leaf birch_normal.png using Guid(39be2b7ba93c6094ca4e489b8dd90d4a) Importer(815301076,1909f56bfc062723c751e8b465ee728b)  -> (artifact id: '8dab595c3a36ace41994888a8fcaa15a') in 0.078814 seconds
Number of updated asset objects reloaded before import = 0
Number of asset objects unloaded after import = 2
========================================================================
Received Import Request.
  Time since last request: 18.754922 seconds.
  path: Assets/trees/tree1.fbx
  artifactKey: Guid(812cad424e44f3e40b384c0d5777ab11) Importer(815301076,1909f56bfc062723c751e8b465ee728b)
Start importing Assets/trees/tree1.fbx using Guid(812cad424e44f3e40b384c0d5777ab11) Importer(815301076,1909f56bfc062723c751e8b465ee728b)  -> (artifact id: 'c924b707088ea9eb191a920aabe4ca4a') in 0.409162 seconds
Number of updated asset objects reloaded before import = 0
Number of asset objects unloaded after import = 22
========================================================================
Received Import Request.
  Time since last request: 172.254414 seconds.
  path: Assets/trees/bark02_normal.png
  artifactKey: Guid(925ca687a1b4a9d47999a6d24599fdf2) Importer(815301076,1909f56bfc062723c751e8b465ee728b)
Start importing Assets/trees/bark02_normal.png using Guid(925ca687a1b4a9d47999a6d24599fdf2) Importer(815301076,1909f56bfc062723c751e8b465ee728b)  -> (artifact id: '2ec69b5b2024a5b9f42acf315a19c753') in 0.016315 seconds
Number of updated asset objects reloaded before import = 0
Number of asset objects unloaded after import = 2
========================================================================
Received Import Request.
  Time since last request: 0.000019 seconds.
  path: Assets/trees/tree1.fbx
  artifactKey: Guid(812cad424e44f3e40b384c0d5777ab11) Importer(815301076,1909f56bfc062723c751e8b465ee728b)
Start importing Assets/trees/tree1.fbx using Guid(812cad424e44f3e40b384c0d5777ab11) Importer(815301076,1909f56bfc062723c751e8b465ee728b)  -> (artifact id: 'cd82bf89f389b2b35c913045d5c47774') in 0.097793 seconds
Number of updated asset objects reloaded before import = 0
Number of asset objects unloaded after import = 23
========================================================================
Received Import Request.
  Time since last request: 785.513448 seconds.
  path: Assets/fern02_normal.png
  artifactKey: Guid(50bb0530c5b77574494a2ea629e30f75) Importer(815301076,1909f56bfc062723c751e8b465ee728b)
Start importing Assets/fern02_normal.png using Guid(50bb0530c5b77574494a2ea629e30f75) Importer(815301076,1909f56bfc062723c751e8b465ee728b)  -> (artifact id: 'b844ab3aa713d26a68ce9c05f9d86718') in 0.217968 seconds
Number of updated asset objects reloaded before import = 0
Number of asset objects unloaded after import = 2
========================================================================
Received Import Request.
  Time since last request: 2.001007 seconds.
  path: Assets/Textures/door_Base_color.png
  artifactKey: Guid(ce19301eeffd5f0469e5d0d537f3df66) Importer(815301076,1909f56bfc062723c751e8b465ee728b)
Start importing Assets/Textures/door_Base_color.png using Guid(ce19301eeffd5f0469e5d0d537f3df66) Importer(815301076,1909f56bfc062723c751e8b465ee728b)  -> (artifact id: 'a2805f2ddab34d46c5b8ba3cf83342d8') in 0.116557 seconds
Number of updated asset objects reloaded before import = 0
Number of asset objects unloaded after import = 2
========================================================================
Received Import Request.
  Time since last request: 0.002114 seconds.
  path: Assets/Textures/door_Normal.png
  artifactKey: Guid(d70b9a7501e09ab44a80a3edd7649643) Importer(815301076,1909f56bfc062723c751e8b465ee728b)
Start importing Assets/Textures/door_Normal.png using Guid(d70b9a7501e09ab44a80a3edd7649643) Importer(815301076,1909f56bfc062723c751e8b465ee728b)  -> (artifact id: '8e69a9139e5eff87c7229edd879afbf6') in 0.131714 seconds
Number of updated asset objects reloaded before import = 0
Number of asset objects unloaded after import = 2
========================================================================
Received Import Request.
  Time since last request: 0.020930 seconds.
  path: Assets/Textures/Material.001_Base_color.png
  artifactKey: Guid(0c1a1dac9a3b7204387119b2c5be17f5) Importer(815301076,1909f56bfc062723c751e8b465ee728b)
Start importing Assets/Textures/Material.001_Base_color.png using Guid(0c1a1dac9a3b7204387119b2c5be17f5) Importer(815301076,1909f56bfc062723c751e8b465ee728b)  -> (artifact id: 'c4db433ff87041c58563a9f7ecdbf5ca') in 0.137073 seconds
Number of updated asset objects reloaded before import = 0
Number of asset objects unloaded after import = 2
========================================================================
Received Import Request.
  Time since last request: 0.000200 seconds.
  path: Assets/Textures/pots.mat
  artifactKey: Guid(aefdda367b2384b4b941667249e86502) Importer(815301076,1909f56bfc062723c751e8b465ee728b)
Start importing Assets/Textures/pots.mat using Guid(aefdda367b2384b4b941667249e86502) Importer(815301076,1909f56bfc062723c751e8b465ee728b)  -> (artifact id: '0a62a39f89eeac060b25e61f0ba54e67') in 1.760212 seconds
Number of updated asset objects reloaded before import = 0
Number of asset objects unloaded after import = 4
========================================================================
Received Import Request.
  Time since last request: 0.000019 seconds.
  path: Assets/Textures/tablerr.mat
  artifactKey: Guid(57ae2738ecbda7b48a84ae29a5f79ee1) Importer(815301076,1909f56bfc062723c751e8b465ee728b)
Start importing Assets/Textures/tablerr.mat using Guid(57ae2738ecbda7b48a84ae29a5f79ee1) Importer(815301076,1909f56bfc062723c751e8b465ee728b)  -> (artifact id: '3b6e309e9820b200c9dd8c75582e1368') in 1.408962 seconds
Number of updated asset objects reloaded before import = 0
Number of asset objects unloaded after import = 5
========================================================================
Received Import Request.
  Time since last request: 0.000029 seconds.
  path: Assets/Textures/door_Metallic.png
  artifactKey: Guid(18625c66d9e0db44db8d7976aac17096) Importer(815301076,1909f56bfc062723c751e8b465ee728b)
Start importing Assets/Textures/door_Metallic.png using Guid(18625c66d9e0db44db8d7976aac17096) Importer(815301076,1909f56bfc062723c751e8b465ee728b)  -> (artifact id: 'b2dea8abc8d58fc242b61963c335dfa5') in 0.024216 seconds
Number of updated asset objects reloaded before import = 0
Number of asset objects unloaded after import = 2
========================================================================
Received Import Request.
  Time since last request: 0.000020 seconds.
  path: Assets/Textures/door_Height.png
  artifactKey: Guid(406098ad2b456fd4186447a53ea6511c) Importer(815301076,1909f56bfc062723c751e8b465ee728b)
Start importing Assets/Textures/door_Height.png using Guid(406098ad2b456fd4186447a53ea6511c) Importer(815301076,1909f56bfc062723c751e8b465ee728b)  -> (artifact id: 'e912fc624e414bece59f77f8d8a584b7') in 0.016627 seconds
Number of updated asset objects reloaded before import = 0
Number of asset objects unloaded after import = 2
========================================================================
Received Import Request.
  Time since last request: 0.000019 seconds.
  path: Assets/Textures/Material.001_Normal.png
  artifactKey: Guid(c4fbad9a55025304abe36c31c090405b) Importer(815301076,1909f56bfc062723c751e8b465ee728b)
Start importing Assets/Textures/Material.001_Normal.png using Guid(c4fbad9a55025304abe36c31c090405b) Importer(815301076,1909f56bfc062723c751e8b465ee728b)  -> (artifact id: 'a83ac6600fa22ba9321c78fefc2c9ed2') in 0.018921 seconds
Number of updated asset objects reloaded before import = 0
Number of asset objects unloaded after import = 2
========================================================================
Received Import Request.
  Time since last request: 0.000016 seconds.
  path: Assets/Textures/РіРѕСЂС€РєРёРёРё_Material_BaseMap.png
  artifactKey: Guid(a67796a2b624f284085bd3e3212244e3) Importer(815301076,1909f56bfc062723c751e8b465ee728b)
Start importing Assets/Textures/РіРѕСЂС€РєРёРёРё_Material_BaseMap.png using Guid(a67796a2b624f284085bd3e3212244e3) Importer(815301076,1909f56bfc062723c751e8b465ee728b)  -> (artifact id: 'c49ece24454795c00eca102ca3569243') in 0.022222 seconds
Number of updated asset objects reloaded before import = 0
Number of asset objects unloaded after import = 2
========================================================================
Received Import Request.
  Time since last request: 0.000034 seconds.
  path: Assets/Textures/Material.001_Roughness.png
  artifactKey: Guid(2f4e336106e6a3c4b881351414233960) Importer(815301076,1909f56bfc062723c751e8b465ee728b)
Start importing Assets/Textures/Material.001_Roughness.png using Guid(2f4e336106e6a3c4b881351414233960) Importer(815301076,1909f56bfc062723c751e8b465ee728b)  -> (artifact id: 'fbe458af9dfbc3a9b82e372d380d6d76') in 0.074769 seconds
Number of updated asset objects reloaded before import = 0
Number of asset objects unloaded after import = 2
========================================================================
Received Import Request.
  Time since last request: 0.000017 seconds.
  path: Assets/Textures/Material.001_Height.png
  artifactKey: Guid(e8f3aeb8ee922f949b676e2a2d4503e0) Importer(815301076,1909f56bfc062723c751e8b465ee728b)
Start importing Assets/Textures/Material.001_Height.png using Guid(e8f3aeb8ee922f949b676e2a2d4503e0) Importer(815301076,1909f56bfc062723c751e8b465ee728b)  -> (artifact id: 'cdc8f828d79402e719eea84e3ebc0455') in 0.016413 seconds
Number of updated asset objects reloaded before import = 0
Number of asset objects unloaded after import = 2
========================================================================
Received Import Request.
  Time since last request: 0.000018 seconds.
  path: Assets/Textures/door_Mixed_AO.png
  artifactKey: Guid(f175120adca064e4291689f6dfc79d2e) Importer(815301076,1909f56bfc062723c751e8b465ee728b)
Start importing Assets/Textures/door_Mixed_AO.png using Guid(f175120adca064e4291689f6dfc79d2e) Importer(815301076,1909f56bfc062723c751e8b465ee728b)  -> (artifact id: 'bc99797ef3ade7a1929dd78d6e25e571') in 0.016618 seconds
Number of updated asset objects reloaded before import = 0
Number of asset objects unloaded after import = 2
========================================================================
Received Import Request.
  Time since last request: 0.000014 seconds.
  path: Assets/Textures/door_Roughness.png
  artifactKey: Guid(c494f4b268ab458498bc994e2c05b8cf) Importer(815301076,1909f56bfc062723c751e8b465ee728b)
Start importing Assets/Textures/door_Roughness.png using Guid(c494f4b268ab458498bc994e2c05b8cf) Importer(815301076,1909f56bfc062723c751e8b465ee728b)  -> (artifact id: '91f284ccba5b962ae6c7e995fbc22159') in 0.072208 seconds
Number of updated asset objects reloaded before import = 0
Number of asset objects unloaded after import = 2
Editor requested this worker to shutdown with reason: Scaling down because of idle timeout
TcpMessagingSession - receive error: operation aborted. errorcode: 995, details: Операция ввода/вывода была прервана из-за завершения потока команд или по запросу приложения.
AssetImportWorker is now disconnected from the server
Process exiting
Exiting without the bug reporter. Application will terminate with return code 0